<?xml version="1.0" encoding="UTF-8"?>
<coverage generated="1581444871462" clover="3.2.0">
  <project timestamp="1581444871462" name="All files">
    <metrics statements="13" coveredstatements="13" conditionals="2" coveredconditionals="2" methods="4" coveredmethods="4" elements="19" coveredelements="19" complexity="0" loc="13" ncloc="13" packages="1" files="1" classes="1"/>
    <file name="Widget.js" path="G:\ПРОГРАММИРОВАНИЕ\КУРС ВЕБ-РАЗРАБОТЧИК НЕТОЛОГИЯ\продвинутый js в браузере\домашние работы\ahj-5-1\src\js\Widget.js">
      <metrics statements="13" coveredstatements="13" conditionals="2" coveredconditionals="2" methods="4" coveredmethods="4"/>
      <line num="4" count="2" type="stmt"/>
      <line num="5" count="2" type="stmt"/>
      <line num="6" count="2" type="stmt"/>
      <line num="7" count="2" type="stmt"/>
      <line num="11" count="3" type="stmt"/>
      <line num="18" count="2" type="stmt"/>
      <line num="19" count="2" type="stmt"/>
      <line num="20" count="2" type="stmt"/>
      <line num="21" count="2" type="stmt"/>
      <line num="25" count="1" type="stmt"/>
      <line num="26" count="1" type="stmt"/>
      <line num="27" count="1" type="stmt"/>
      <line num="28" count="1" type="stmt"/>
    </file>
  </project>
</coverage>
